<?xml version="1.0" encoding="UTF-8"?>
<!-- Generated by org.testng.reporters.JUnitReportReporter -->
<testsuite hostname="Ramki-PC" name="basic.Firsttest" tests="1" failures="0" timestamp="14 May 2016 03:45:19 GMT" time="0.014" errors="0">
  <testcase name="method1" time="0.014" classname="basic.Firsttest"/>
</testsuite> <!-- basic.Firsttest -->
