<?xml version="1.0" encoding="UTF-8"?>
<!-- Generated by org.testng.reporters.JUnitReportReporter -->
<testsuite hostname="Ramki-PC" name="basic.AviNash" tests="1" failures="0" timestamp="30 May 2016 15:47:26 GMT" time="5.777" errors="0">
  <testcase name="f" time="5.777" classname="basic.AviNash"/>
</testsuite> <!-- basic.AviNash -->
