<?xml version="1.0" encoding="UTF-8"?>
<!-- Generated by org.testng.reporters.JUnitReportReporter -->
<testsuite hostname="Ramki-PC" name="basic.DatePicker" tests="1" failures="0" timestamp="27 May 2016 04:27:44 GMT" time="30.022" errors="0">
  <testcase name="f" time="30.022" classname="basic.DatePicker"/>
</testsuite> <!-- basic.DatePicker -->
